aa 20
ab 23
ac 26
ad 29
ae 32
af 35
ag 38
ah 41
ai 44
aj 47
ak 50
al 53
am 56
an 59
ao 62
ap 65
aq 68
ar 71
as 74
at 77
au 80
av 83
aw 86
ax 89
ay 92
az 95
ba 98
bb 101
bc 104
bd 107
be 110
bf 113
bg 116
bh 119
bi 122
bj 125
bk 128
bl 131
bm 134
bn 137
bo 140
bp 143
bq 146
br 149
bs 152
bt 155
bu 158
bv 161
bw 164
bx 167
by 170
bz 173
ca 176
cb 179
cc 182
cd 185
ce 188
cf 191
cg 194
ch 197
ci 200
cj 203
ck 206
cl 209
cm 212
cn 215
co 218
cp 221
cq 224
cr 227
cs 230
ct 233
cu 236
cv 239
cw 242
cx 245
cy 248
cz 251
da 254
db 257
dc 260
dd 263
de 266
df 269
dg 272
dh 275
di 278
dj 281
dk 284
dl 287
dm 290
dn 293
do 296
dp 299
dq 302
dr 305
ds 308
dt 311
du 314
dv 317
dw 320
dx 323
dy 326
dz 329
ea 332
eb 335
ec 338
ed 341
ee 344
ef 347
eg 350
eh 353
ei 356
ej 359
ek 362
el 365
em 368
en 371
eo 374
ep 377
eq 380
er 383
es 386
et 389
eu 392
ev 395
ew 398
ex 401
ey 404
ez 407
fa 410
fb 413
fc 416
fd 419
fe 422
ff 425
fg 428
fh 431
fi 434
fj 437
fk 440
fl 443
fm 446
fn 449
fo 452
fp 455
fq 458
fr 461
fs 464
ft 467
fu 470
fv 473
fw 476
fx 479
fy 482
fz 485
ga 488
gb 491
gc 494
gd 497
ge 500
gf 503
gg 506
gh 509
gi 512
gj 515
gk 518
gl 521
gm 524
gn 527
go 530
gp 533
gq 536
gr 539
gs 542
gt 545
gu 548
gv 551
gw 554
gx 557
gy 560
gz 563
ha 566
hb 569
hc 572
hd 575
he 578
hf 581
hg 584
hh 587
hi 590
hj 593
hk 596
hl 599
hm 602
hn 605
ho 608
hp 611
hq 614
hr 617
hs 620
ht 623
hu 626
hv 629
hw 632
hx 635
hy 638
hz 641
ia 644
ib 647
ic 650
id 653
ie 656
if 659
ig 662
ih 665
ii 668
ij 671
ik 674
il 677
im 680
in 683
io 686
ip 689
iq 692
ir 695
is 698
it 701
iu 704
iv 707
iw 710
ix 713
iy 716
iz 719
ja 722
jb 725
jc 728
jd 731
je 734
jf 737
jg 740
jh 743
ji 746
jj 749
jk 752
jl 755
jm 758
jn 761
jo 764
jp 767
jq 770
jr 773
js 776
jt 779
ju 782
jv 785
jw 788
jx 791
jy 794
jz 797
ka 800
kb 803
kc 806
kd 809
ke 812
kf 815
kg 818
kh 821
ki 824
kj 827
kk 830
kl 833
km 836
kn 839
ko 842
kp 845
kq 848
kr 851
ks 854
kt 857
ku 860
kv 863
kw 866
kx 869
ky 872
kz 875
la 878
lb 881
lc 884
ld 887
le 890
lf 893
lg 896
lh 899
li 902
lj 905
lk 908
ll 911
lm 914
ln 917
lo 920
lp 923
lq 926
lr 929
ls 932
lt 935
lu 938
lv 941
lw 944
lx 947
ly 950
lz 953
ma 956
mb 959
mc 962
md 965
me 968
mf 971
mg 974
mh 977
mi 980
mj 983
mk 986
ml 989
mm 992
mn 995
mo 998
mp 1001
mq 1004
mr 1007
ms 1010
mt 1013
mu 1016
mv 1019
mw 1022
mx 1025
my 1028
mz 1031
na 1034
nb 1037
nc 1040
nd 1043
ne 1046
nf 1049
ng 1052
nh 1055
ni 1058
nj 1061
nk 1064
nl 1067
nm 1070
nn 1073
no 1076
np 1079
nq 1082
nr 1085
ns 1088
nt 1091
nu 1094
nv 1097
nw 1100
nx 1103
ny 1106
nz 1109
oa 1112
ob 1115
oc 1118
od 1121
oe 1124
of 1127
og 1130
oh 1133
oi 1136
oj 1139
ok 1142
ol 1145
om 1148
on 1151
oo 1154
op 1157
oq 1160
or 1163
os 1166
ot 1169
ou 1172
ov 1175
ow 1178
ox 1181
oy 1184
oz 1187
pa 1190
pb 1193
pc 1196
pd 1199
pe 1202
pf 1205
pg 1208
ph 1211
pi 1214
pj 1217
pk 1220
pl 1223
pm 1226
pn 1229
po 1232
pp 1235
pq 1238
pr 1241
ps 1244
pt 1247
pu 1250
pv 1253
pw 1256
px 1259
py 1262
pz 1265
qa 1268
qb 1271
qc 1274
qd 1277
qe 1280
qf 1283
qg 1286
qh 1289
qi 1292
qj 1295
qk 1298
ql 1301
qm 1304
qn 1307
qo 1310
qp 1313
qq 1316
qr 1319
qs 1322
qt 1325
qu 1328
qv 1331
qw 1334
qx 1337
qy 1340
qz 1343
ra 1346
rb 1349
rc 1352
rd 1355
re 1358
rf 1361
rg 1364
rh 1367
ri 1370
rj 1373
rk 1376
rl 1379
rm 1382
rn 1385
ro 1388
rp 1391
rq 1394
rr 1397
rs 1400
rt 1403
ru 1406
rv 1409
rw 1412
rx 1415
ry 1418
rz 1421
sa 1424
sb 1427
sc 1430
sd 1433
se 1436
sf 1439
sg 1442
sh 1445
si 1448
sj 1451
sk 1454
sl 1457
sm 1460
sn 1463
so 1466
sp 1469
sq 1472
sr 1475
ss 1478
st 1481
su 1484
sv 1487
sw 1490
sx 1493
sy 1496
sz 1499
ta 1502
tb 1505
tc 1508
td 1511
te 1514
tf 1517
tg 1520
th 1523
ti 1526
tj 1529
tk 1532
tl 1535
tm 1538
tn 1541
to 1544
tp 1547
tq 1550
tr 1553
ts 1556
tt 1559
tu 1562
tv 1565
tw 1568
tx 1571
ty 1574
tz 1577
ua 1580
ub 1583
uc 1586
ud 1589
ue 1592
uf 1595
ug 1598
uh 1601
ui 1604
uj 1607
uk 1610
ul 1613
um 1616
un 1619
uo 1622
up 1625
uq 1628
ur 1631
us 1634
ut 1637
uu 1640
uv 1643
uw 1646
ux 1649
uy 1652
uz 1655
va 1658
vb 1661
vc 1664
vd 1667
ve 1670
vf 1673
vg 1676
vh 1679
vi 1682
vj 1685
vk 1688
vl 1691
vm 1694
vn 1697
vo 1700
vp 1703
vq 1706
vr 1709
vs 1712
vt 1715
vu 1718
vv 1721
vw 1724
vx 1727
vy 1730
vz 1733
wa 1736
wb 1739
wc 1742
wd 1745
we 1748
wf 1751
wg 1754
wh 1757
wi 1760
wj 1763
wk 1766
wl 1769
wm 1772
wn 1775
wo 1778
wp 1781
wq 1784
wr 1787
ws 1790
wt 1793
wu 1796
wv 1799
ww 1802
wx 1805
wy 1808
wz 1811
xa 1814
xb 1817
xc 1820
xd 1823
xe 1826
xf 1829
xg 1832
xh 1835
xi 1838
xj 1841
xk 1844
xl 1847
xm 1850
xn 1853
xo 1856
xp 1859
xq 1862
xr 1865
xs 1868
xt 1871
xu 1874
xv 1877
xw 1880
xx 1883
xy 1886
xz 1889
ya 1892
yb 1895
yc 1898
yd 1901
ye 1904
yf 1907
yg 1910
yh 1913
yi 1916
yj 1919
yk 1922
yl 1925
ym 1928
yn 1931
yo 1934
yp 1937
yq 1940
yr 1943
ys 1946
yt 1949
yu 1952
yv 1955
yw 1958
yx 1961
yy 1964
yz 1967
za 1970
zb 1973
zc 1976
zd 1979
ze 1982
zf 1985
zg 1988
zh 1991
zi 1994
zj 1997
zk 2000
zl 2003
zm 2006
zn 2009
zo 2012
zp 2015
zq 2018
zr 2021
zs 2024
zt 2027
zu 2030
zv 2033
zw 2036
zx 2039
zy 2042
zz 2045
